<?xml version="1.0" encoding="UTF-8"?>
<testsuite xmlns:xsi="http://www.w3.org/2001/XMLSchema-instance" xsi:noNamespaceSchemaLocation="https://maven.apache.org/surefire/maven-surefire-plugin/xsd/surefire-test-report-3.0.xsd" version="3.0" name="com.mycompany.model.StationDataBaseTest" time="0.126" tests="16" errors="0" skipped="0" failures="0">
  <properties>
[...]
</properties>
  <testcase name="testFindStation(String, boolean)[1]" classname="com.mycompany.model.StationDataBaseTest" time="0.038"/>
  <testcase name="testFindStation(String, boolean)[2]" classname="com.mycompany.model.StationDataBaseTest" time="0.001"/>
  <testcase name="testFindStation(String, boolean)[3]" classname="com.mycompany.model.StationDataBaseTest" time="0.001"/>
  <testcase name="testFindStation(String, boolean)[4]" classname="com.mycompany.model.StationDataBaseTest" time="0.001"/>
  <testcase name="testAddStation(WheatherStation, int)[1]" classname="com.mycompany.model.StationDataBaseTest" time="0"/>
  <testcase name="testAddStation(WheatherStation, int)[2]" classname="com.mycompany.model.StationDataBaseTest" time="0.001"/>
  <testcase name="testGetStationByIdForIncorrectTown(String)[1]" classname="com.mycompany.model.StationDataBaseTest" time="0.001"/>
  <testcase name="testGetStationByIdForIncorrectTown(String)[2]" classname="com.mycompany.model.StationDataBaseTest" time="0.001"/>
  <testcase name="testGetStationByIdForIncorrectTown(String)[3]" classname="com.mycompany.model.StationDataBaseTest" time="0.001"/>
  <testcase name="testGetStationByIdForCorrectTown(String)[1]" classname="com.mycompany.model.StationDataBaseTest" time="0.001"/>
  <testcase name="testLoadFromFile(String)[1]" classname="com.mycompany.model.StationDataBaseTest" time="0.002"/>
  <testcase name="testLoadFromFile(String)[2]" classname="com.mycompany.model.StationDataBaseTest" time="0.001"/>
  <testcase name="testLoadFromFile(String)[3]" classname="com.mycompany.model.StationDataBaseTest" time="0.001"/>
  <testcase name="saveBaseToFile(String)[1]" classname="com.mycompany.model.StationDataBaseTest" time="0.002"/>
  <testcase name="saveBaseToFile(String)[2]" classname="com.mycompany.model.StationDataBaseTest" time="0.002"/>
  <testcase name="saveBaseToFile(String)[3]" classname="com.mycompany.model.StationDataBaseTest" time="0.002"/>
</testsuite>